{
  "stats": {
    "suites": 0,
    "tests": 3,
    "passes": 0,
    "pending": 0,
    "failures": 3,
    "start": "2023-07-06T03:13:05.487Z",
    "end": "2023-07-06T03:13:29.680Z",
    "duration": 24193,
    "testsRegistered": 3,
    "passPercent": 0,
    "pendingPercent": 0,
    "other": 0,
    "hasOther": false,
    "skipped": 0,
    "hasSkipped": false
  },
  "results": [
    {
      "uuid": "76afecbb-686b-4557-bb82-c17cda439e79",
      "title": "",
      "fullFile": "cypress/integration/addCart.ts",
      "file": "cypress/integration/addCart.ts",
      "beforeHooks": [],
      "afterHooks": [],
      "tests": [
        {
          "title": "Test LOGIN",
          "fullTitle": "Test LOGIN",
          "timedOut": null,
          "duration": 8691,
          "state": "failed",
          "speed": null,
          "pass": false,
          "fail": true,
          "pending": false,
          "context": null,
          "code": "loginPage.login(URL, 'standard_user', 'secret_sauce');\nloginPage.assertLogin();",
          "err": {
            "message": "AssertionError: Timed out retrying after 4000ms: Expected to find element: `.peek`, but never found it.",
            "estack": "AssertionError: Timed out retrying after 4000ms: Expected to find element: `.peek`, but never found it.\n    at LoginPage.assertLogin (https://www.saucedemo.com/__cypress/tests?p=cypress\\integration\\addCart.ts:206:25)\n    at Context.eval (https://www.saucedemo.com/__cypress/tests?p=cypress\\integration\\addCart.ts:108:15)",
            "diff": null
          },
          "uuid": "db14fe45-5f18-4501-9cc0-d3b159f4c1c2",
          "parentUUID": "76afecbb-686b-4557-bb82-c17cda439e79",
          "isHook": false,
          "skipped": false
        },
        {
          "title": "Test Sauce Demo Sauce labs product backpack",
          "fullTitle": "Test Sauce Demo Sauce labs product backpack",
          "timedOut": null,
          "duration": 6488,
          "state": "failed",
          "speed": null,
          "pass": false,
          "fail": true,
          "pending": false,
          "context": null,
          "code": "loginPage.login(URL, 'standard_user', 'secret_sauce');\nloginPage.assertLogin();\ndashboardPage.sauceLabsBackpack();",
          "err": {
            "message": "AssertionError: Timed out retrying after 4000ms: Expected to find element: `.peek`, but never found it.",
            "estack": "AssertionError: Timed out retrying after 4000ms: Expected to find element: `.peek`, but never found it.\n    at LoginPage.assertLogin (https://www.saucedemo.com/__cypress/tests?p=cypress\\integration\\addCart.ts:206:25)\n    at Context.eval (https://www.saucedemo.com/__cypress/tests?p=cypress\\integration\\addCart.ts:112:15)",
            "diff": null
          },
          "uuid": "3b813c2d-05a7-4fcb-962c-a50cc8c115e9",
          "parentUUID": "76afecbb-686b-4557-bb82-c17cda439e79",
          "isHook": false,
          "skipped": false
        },
        {
          "title": "Test Add Cart Product",
          "fullTitle": "Test Add Cart Product",
          "timedOut": null,
          "duration": 5720,
          "state": "failed",
          "speed": null,
          "pass": false,
          "fail": true,
          "pending": false,
          "context": null,
          "code": "loginPage.login(URL, 'standart_user', 'secret_sauce');\nloginPage.assertLogin();\ndashboardPage.sauceLabsBackpack();\naddCartPage.linkAdd();",
          "err": {
            "message": "AssertionError: Timed out retrying after 4000ms: Expected to find element: `.title`, but never found it.",
            "estack": "AssertionError: Timed out retrying after 4000ms: Expected to find element: `.title`, but never found it.\n    at LoginPage.assertLogin (https://www.saucedemo.com/__cypress/tests?p=cypress\\integration\\addCart.ts:205:26)\n    at Context.eval (https://www.saucedemo.com/__cypress/tests?p=cypress\\integration\\addCart.ts:117:15)",
            "diff": null
          },
          "uuid": "70552621-8c12-41ce-a564-61146e447790",
          "parentUUID": "76afecbb-686b-4557-bb82-c17cda439e79",
          "isHook": false,
          "skipped": false
        }
      ],
      "suites": [],
      "passes": [],
      "failures": [
        "db14fe45-5f18-4501-9cc0-d3b159f4c1c2",
        "3b813c2d-05a7-4fcb-962c-a50cc8c115e9",
        "70552621-8c12-41ce-a564-61146e447790"
      ],
      "pending": [],
      "skipped": [],
      "duration": 20899,
      "root": true,
      "rootEmpty": false,
      "_timeout": 2000
    }
  ],
  "meta": {
    "mocha": {
      "version": "7.0.1"
    },
    "mochawesome": {
      "options": {
        "quiet": false,
        "reportFilename": "mochawesome",
        "saveHtml": false,
        "saveJson": true,
        "consoleReporter": "spec",
        "useInlineDiffs": false,
        "code": true
      },
      "version": "7.1.3"
    },
    "marge": {
      "options": {
        "chart": true,
        "overwrite": false,
        "html": false,
        "json": true,
        "reportDir": "cypress/reports"
      },
      "version": "6.2.0"
    }
  }
}