{
  "stats": {
    "suites": 0,
    "tests": 2,
    "passes": 2,
    "pending": 0,
    "failures": 0,
    "start": "2023-07-06T06:52:18.401Z",
    "end": "2023-07-06T06:52:28.023Z",
    "duration": 9622,
    "testsRegistered": 2,
    "passPercent": 100,
    "pendingPercent": 0,
    "other": 0,
    "hasOther": false,
    "skipped": 0,
    "hasSkipped": false
  },
  "results": [
    {
      "uuid": "f9dfdc89-3506-4749-9200-66eceade4aeb",
      "title": "",
      "fullFile": "cypress\\e2e\\addCart.cy.ts",
      "file": "cypress\\e2e\\addCart.cy.ts",
      "beforeHooks": [],
      "afterHooks": [],
      "tests": [
        {
          "title": "Test LOGIN",
          "fullTitle": "Test LOGIN",
          "timedOut": null,
          "duration": 2792,
          "state": "passed",
          "speed": "fast",
          "pass": true,
          "fail": false,
          "pending": false,
          "context": null,
          "code": "loginPage.login(URL, 'standard_user', 'secret_sauce');",
          "err": {},
          "uuid": "841d34a4-3267-488b-b1ed-65ad96565ca7",
          "parentUUID": "f9dfdc89-3506-4749-9200-66eceade4aeb",
          "isHook": false,
          "skipped": false
        },
        {
          "title": "Test Add Card Product",
          "fullTitle": "Test Add Card Product",
          "timedOut": null,
          "duration": 2904,
          "state": "passed",
          "speed": "fast",
          "pass": true,
          "fail": false,
          "pending": false,
          "context": null,
          "code": "loginPage.login(URL, 'standard_user', 'secret_sauce');\ntambahCard.addToCartBtn();",
          "err": {},
          "uuid": "95d5345e-498e-45b9-b373-f7675e57d60a",
          "parentUUID": "f9dfdc89-3506-4749-9200-66eceade4aeb",
          "isHook": false,
          "skipped": false
        }
      ],
      "suites": [],
      "passes": [
        "841d34a4-3267-488b-b1ed-65ad96565ca7",
        "95d5345e-498e-45b9-b373-f7675e57d60a"
      ],
      "failures": [],
      "pending": [],
      "skipped": [],
      "duration": 5696,
      "root": true,
      "rootEmpty": false,
      "_timeout": 2000
    }
  ],
  "meta": {
    "mocha": {
      "version": "7.0.1"
    },
    "mochawesome": {
      "options": {
        "quiet": false,
        "reportFilename": "mochawesome",
        "saveHtml": false,
        "saveJson": true,
        "consoleReporter": "spec",
        "useInlineDiffs": false,
        "code": true
      },
      "version": "7.1.3"
    },
    "marge": {
      "options": {
        "chart": true,
        "overwrite": false,
        "html": false,
        "json": true,
        "reportDir": "cypress/reports"
      },
      "version": "6.2.0"
    }
  }
}