{
  "stats": {
    "suites": 0,
    "tests": 3,
    "passes": 1,
    "pending": 0,
    "failures": 2,
    "start": "2023-07-06T06:52:38.630Z",
    "end": "2023-07-06T06:52:55.463Z",
    "duration": 16833,
    "testsRegistered": 3,
    "passPercent": 33.33333333333333,
    "pendingPercent": 0,
    "other": 0,
    "hasOther": false,
    "skipped": 0,
    "hasSkipped": false
  },
  "results": [
    {
      "uuid": "3d411d0b-45dc-46cb-bfac-cbaa2e74776a",
      "title": "",
      "fullFile": "cypress\\e2e\\login.cy.ts",
      "file": "cypress\\e2e\\login.cy.ts",
      "beforeHooks": [],
      "afterHooks": [],
      "tests": [
        {
          "title": "Test LOGIN",
          "fullTitle": "Test LOGIN",
          "timedOut": null,
          "duration": 6140,
          "state": "failed",
          "speed": null,
          "pass": false,
          "fail": true,
          "pending": false,
          "context": null,
          "code": "loginPage.login(URL, 'standard_user', 'secret_sauce');\nloginPage.assertLogin();",
          "err": {
            "message": "AssertionError: Timed out retrying after 4000ms: Expected to find element: `.peek`, but never found it.",
            "estack": "AssertionError: Timed out retrying after 4000ms: Expected to find element: `.peek`, but never found it.\n    at LoginPage.assertLogin (webpack:///./cypress/e2e/pages/login_pages.cy.ts:22:24)\n    at Context.eval (webpack:///./cypress/e2e/login.cy.ts:10:14)",
            "diff": null
          },
          "uuid": "d68eed6b-c400-45fb-a065-7b31d38715ba",
          "parentUUID": "3d411d0b-45dc-46cb-bfac-cbaa2e74776a",
          "isHook": false,
          "skipped": false
        },
        {
          "title": "Test Sauce Demo Invalid Password",
          "fullTitle": "Test Sauce Demo Invalid Password",
          "timedOut": null,
          "duration": 1398,
          "state": "passed",
          "speed": "fast",
          "pass": true,
          "fail": false,
          "pending": false,
          "context": null,
          "code": "loginPage.login(URL, 'standard_user', 'invalidPass');\nloginPage.assertLoginFail();",
          "err": {},
          "uuid": "0cad3acc-5b75-4a24-a69f-c63a0705d2a9",
          "parentUUID": "3d411d0b-45dc-46cb-bfac-cbaa2e74776a",
          "isHook": false,
          "skipped": false
        },
        {
          "title": "Test Sauce Demo Sauce labs product backpack",
          "fullTitle": "Test Sauce Demo Sauce labs product backpack",
          "timedOut": null,
          "duration": 5983,
          "state": "failed",
          "speed": null,
          "pass": false,
          "fail": true,
          "pending": false,
          "context": null,
          "code": "loginPage.login(URL, 'standard_user', 'secret_sauce');\nloginPage.assertLogin();\ndashboardPage.sauceLabsBackpack();",
          "err": {
            "message": "AssertionError: Timed out retrying after 4000ms: Expected to find element: `.peek`, but never found it.",
            "estack": "AssertionError: Timed out retrying after 4000ms: Expected to find element: `.peek`, but never found it.\n    at LoginPage.assertLogin (webpack:///./cypress/e2e/pages/login_pages.cy.ts:22:24)\n    at Context.eval (webpack:///./cypress/e2e/login.cy.ts:20:14)",
            "diff": null
          },
          "uuid": "97d01161-0459-4db3-b4de-6bd1a45c9d70",
          "parentUUID": "3d411d0b-45dc-46cb-bfac-cbaa2e74776a",
          "isHook": false,
          "skipped": false
        }
      ],
      "suites": [],
      "passes": [
        "0cad3acc-5b75-4a24-a69f-c63a0705d2a9"
      ],
      "failures": [
        "d68eed6b-c400-45fb-a065-7b31d38715ba",
        "97d01161-0459-4db3-b4de-6bd1a45c9d70"
      ],
      "pending": [],
      "skipped": [],
      "duration": 13521,
      "root": true,
      "rootEmpty": false,
      "_timeout": 2000
    }
  ],
  "meta": {
    "mocha": {
      "version": "7.0.1"
    },
    "mochawesome": {
      "options": {
        "quiet": false,
        "reportFilename": "mochawesome",
        "saveHtml": false,
        "saveJson": true,
        "consoleReporter": "spec",
        "useInlineDiffs": false,
        "code": true
      },
      "version": "7.1.3"
    },
    "marge": {
      "options": {
        "chart": true,
        "overwrite": false,
        "html": false,
        "json": true,
        "reportDir": "cypress/reports"
      },
      "version": "6.2.0"
    }
  }
}