{
  "stats": {
    "suites": 0,
    "tests": 3,
    "passes": 3,
    "pending": 0,
    "failures": 0,
    "start": "2023-07-06T06:53:06.083Z",
    "end": "2023-07-06T06:53:23.683Z",
    "duration": 17600,
    "testsRegistered": 3,
    "passPercent": 100,
    "pendingPercent": 0,
    "other": 0,
    "hasOther": false,
    "skipped": 0,
    "hasSkipped": false
  },
  "results": [
    {
      "uuid": "014859fa-a21e-491b-a061-b3abc9fb34d2",
      "title": "",
      "fullFile": "cypress\\e2e\\remCard.cy.ts",
      "file": "cypress\\e2e\\remCard.cy.ts",
      "beforeHooks": [],
      "afterHooks": [],
      "tests": [
        {
          "title": "Test LOGIN",
          "fullTitle": "Test LOGIN",
          "timedOut": null,
          "duration": 5721,
          "state": "passed",
          "speed": "medium",
          "pass": true,
          "fail": false,
          "pending": false,
          "context": null,
          "code": "loginPage.login(URL, 'standard_user', 'secret_sauce');",
          "err": {},
          "uuid": "8e49c23b-056d-462b-ba2c-7e742050d151",
          "parentUUID": "014859fa-a21e-491b-a061-b3abc9fb34d2",
          "isHook": false,
          "skipped": false
        },
        {
          "title": "Test Add Card Product",
          "fullTitle": "Test Add Card Product",
          "timedOut": null,
          "duration": 3376,
          "state": "passed",
          "speed": "fast",
          "pass": true,
          "fail": false,
          "pending": false,
          "context": null,
          "code": "loginPage.login(URL, 'standard_user', 'secret_sauce');\ntambahCard.addToCartBtn();",
          "err": {},
          "uuid": "bb3de27f-7a26-4357-bf46-4b991aaccdf7",
          "parentUUID": "014859fa-a21e-491b-a061-b3abc9fb34d2",
          "isHook": false,
          "skipped": false
        },
        {
          "title": "Test Remove Card Product",
          "fullTitle": "Test Remove Card Product",
          "timedOut": null,
          "duration": 5288,
          "state": "passed",
          "speed": "medium",
          "pass": true,
          "fail": false,
          "pending": false,
          "context": null,
          "code": "loginPage.login(URL, 'standard_user', 'secret_sauce');\ntambahCard.addToCartBtn();\nhapusCard.RemBtnShop();",
          "err": {},
          "uuid": "e8125a1c-e424-4329-bd59-5e5f6a590030",
          "parentUUID": "014859fa-a21e-491b-a061-b3abc9fb34d2",
          "isHook": false,
          "skipped": false
        }
      ],
      "suites": [],
      "passes": [
        "8e49c23b-056d-462b-ba2c-7e742050d151",
        "bb3de27f-7a26-4357-bf46-4b991aaccdf7",
        "e8125a1c-e424-4329-bd59-5e5f6a590030"
      ],
      "failures": [],
      "pending": [],
      "skipped": [],
      "duration": 14385,
      "root": true,
      "rootEmpty": false,
      "_timeout": 2000
    }
  ],
  "meta": {
    "mocha": {
      "version": "7.0.1"
    },
    "mochawesome": {
      "options": {
        "quiet": false,
        "reportFilename": "mochawesome",
        "saveHtml": false,
        "saveJson": true,
        "consoleReporter": "spec",
        "useInlineDiffs": false,
        "code": true
      },
      "version": "7.1.3"
    },
    "marge": {
      "options": {
        "chart": true,
        "overwrite": false,
        "html": false,
        "json": true,
        "reportDir": "cypress/reports"
      },
      "version": "6.2.0"
    }
  }
}