{
  "stats": {
    "suites": 0,
    "tests": 2,
    "passes": 1,
    "pending": 0,
    "failures": 1,
    "start": "2023-07-06T04:07:12.763Z",
    "end": "2023-07-06T04:07:28.152Z",
    "duration": 15389,
    "testsRegistered": 2,
    "passPercent": 50,
    "pendingPercent": 0,
    "other": 0,
    "hasOther": false,
    "skipped": 0,
    "hasSkipped": false
  },
  "results": [
    {
      "uuid": "8247605f-b40a-4d1e-8a93-44d1a310c1fd",
      "title": "",
      "fullFile": "cypress/integration/addCart.ts",
      "file": "cypress/integration/addCart.ts",
      "beforeHooks": [],
      "afterHooks": [],
      "tests": [
        {
          "title": "Test LOGIN",
          "fullTitle": "Test LOGIN",
          "timedOut": null,
          "duration": 4941,
          "state": "passed",
          "speed": "fast",
          "pass": true,
          "fail": false,
          "pending": false,
          "context": null,
          "code": "loginPage.login(URL, 'standard_user', 'secret_sauce');",
          "err": {},
          "uuid": "788148e3-8315-432c-ac65-7965cfc72e16",
          "parentUUID": "8247605f-b40a-4d1e-8a93-44d1a310c1fd",
          "isHook": false,
          "skipped": false
        },
        {
          "title": "Test Add Cart Product",
          "fullTitle": "Test Add Cart Product",
          "timedOut": null,
          "duration": 7087,
          "state": "failed",
          "speed": null,
          "pass": false,
          "fail": true,
          "pending": false,
          "context": null,
          "code": "loginPage.login(URL, 'standart_user', 'secret_sauce');\naddCartPage.clickAdd();",
          "err": {
            "message": "AssertionError: Timed out retrying after 4000ms: Expected to find element: `[data-test=\"add-to-cart-sauce-labs-backpack\"]`, but never found it.",
            "estack": "AssertionError: Timed out retrying after 4000ms: Expected to find element: `[data-test=\"add-to-cart-sauce-labs-backpack\"]`, but never found it.\n    at AddCartPage.clickAdd (https://www.saucedemo.com/__cypress/tests?p=cypress\\integration\\addCart.ts:128:12)\n    at Context.eval (https://www.saucedemo.com/__cypress/tests?p=cypress\\integration\\addCart.ts:109:17)",
            "diff": null
          },
          "uuid": "f10bb789-874e-4248-a25a-3c8f8b1dae7e",
          "parentUUID": "8247605f-b40a-4d1e-8a93-44d1a310c1fd",
          "isHook": false,
          "skipped": false
        }
      ],
      "suites": [],
      "passes": [
        "788148e3-8315-432c-ac65-7965cfc72e16"
      ],
      "failures": [
        "f10bb789-874e-4248-a25a-3c8f8b1dae7e"
      ],
      "pending": [],
      "skipped": [],
      "duration": 12028,
      "root": true,
      "rootEmpty": false,
      "_timeout": 2000
    }
  ],
  "meta": {
    "mocha": {
      "version": "7.0.1"
    },
    "mochawesome": {
      "options": {
        "quiet": false,
        "reportFilename": "mochawesome",
        "saveHtml": false,
        "saveJson": true,
        "consoleReporter": "spec",
        "useInlineDiffs": false,
        "code": true
      },
      "version": "7.1.3"
    },
    "marge": {
      "options": {
        "chart": true,
        "overwrite": false,
        "html": false,
        "json": true,
        "reportDir": "cypress/reports"
      },
      "version": "6.2.0"
    }
  }
}